2022-06-14 15:56:28,834 INFO org.springframework.boot.StartupInfoLogger [main] Starting SoapClientDemoApplication using Java 11.0.14.1 on DESKTOP-48SHRTK with PID 5860 (E:\Java\Projects\SOAPClientDemo\target\classes started by vlady in E:\Java\Projects\SOAPClientDemo)
2022-06-14 15:56:28,837 DEBUG org.springframework.boot.StartupInfoLogger [main] Running with Spring Boot v2.6.8, Spring v5.3.20
2022-06-14 15:56:28,838 INFO org.springframework.boot.SpringApplication [main] No active profile set, falling back to 1 default profile: "default"
2022-06-14 15:56:29,354 INFO org.springframework.context.support.PostProcessorRegistrationDelegate$BeanPostProcessorChecker [main] Bean 'webServiceConfig' of type [velykyi.vladyslav.SOAPClientDemo.WebServiceConfig$$EnhancerBySpringCGLIB$$cda81608] is not eligible for getting processed by all BeanPostProcessors (for example: not eligible for auto-proxying)
2022-06-14 15:56:29,355 INFO org.springframework.context.support.PostProcessorRegistrationDelegate$BeanPostProcessorChecker [main] Bean 'org.springframework.ws.config.annotation.DelegatingWsConfiguration' of type [org.springframework.ws.config.annotation.DelegatingWsConfiguration$$EnhancerBySpringCGLIB$$fecdcb9] is not eligible for getting processed by all BeanPostProcessors (for example: not eligible for auto-proxying)
2022-06-14 15:56:29,390 INFO org.springframework.ws.soap.addressing.server.AbstractAddressingEndpointMapping [main] Supporting [WS-Addressing August 2004, WS-Addressing 1.0]
2022-06-14 15:56:29,570 INFO org.springframework.boot.web.embedded.tomcat.TomcatWebServer [main] Tomcat initialized with port(s): 8080 (http)
2022-06-14 15:56:29,578 INFO org.apache.juli.logging.DirectJDKLog [main] Initializing ProtocolHandler ["http-nio-8080"]
2022-06-14 15:56:29,579 INFO org.apache.juli.logging.DirectJDKLog [main] Starting service [Tomcat]
2022-06-14 15:56:29,579 INFO org.apache.juli.logging.DirectJDKLog [main] Starting Servlet engine: [Apache Tomcat/9.0.63]
2022-06-14 15:56:29,695 INFO org.apache.juli.logging.DirectJDKLog [main] Initializing Spring embedded WebApplicationContext
2022-06-14 15:56:29,695 INFO org.springframework.boot.web.servlet.context.ServletWebServerApplicationContext [main] Root WebApplicationContext: initialization completed in 814 ms
2022-06-14 15:56:30,030 INFO org.apache.juli.logging.DirectJDKLog [main] Starting ProtocolHandler ["http-nio-8080"]
2022-06-14 15:56:30,045 INFO org.springframework.boot.web.embedded.tomcat.TomcatWebServer [main] Tomcat started on port(s): 8080 (http) with context path ''
2022-06-14 15:56:30,053 INFO org.springframework.boot.StartupInfoLogger [main] Started SoapClientDemoApplication in 1.629 seconds (JVM running for 2.478)
2022-06-14 15:56:32,558 INFO org.apache.juli.logging.DirectJDKLog [http-nio-8080-exec-1] Initializing Spring MessageDispatcherServlet 'messageDispatcherServlet'
2022-06-14 15:56:32,560 INFO org.springframework.web.servlet.FrameworkServlet [http-nio-8080-exec-1] Initializing Servlet 'messageDispatcherServlet'
2022-06-14 15:56:32,564 INFO org.springframework.ws.soap.saaj.SaajSoapMessageFactory [http-nio-8080-exec-1] Creating SAAJ 1.3 MessageFactory with SOAP 1.1 Protocol
2022-06-14 15:56:32,576 INFO org.springframework.web.servlet.FrameworkServlet [http-nio-8080-exec-1] Completed initialization in 16 ms
2022-06-14 15:56:42,540 INFO velykyi.vladyslav.SOAPClientDemo.controller.CountryEndpoint [http-nio-8080-exec-3] Getting country for given request io.spring.guides.gs_producing_web_service.GetCountryRequest@22282c28
